<?xml version="1.0" encoding="UTF-8"?>
<!-- Generated by org.testng.reporters.JUnitXMLReporter -->
<testsuite ignored="0" hostname="DESKTOP-2L7QON7" failures="0" tests="3" name="Default test" time="0.19" errors="0" timestamp="2023-12-09T22:40:18 IST">
  <testcase classname="com.app.tests.AppTests" name="verifyHomePage" time="0.009"/>
  <testcase classname="com.app.tests.AppTests" name="verifyLogin" time="0.002"/>
  <testcase classname="com.app.tests.AppTests" name="verifySignup" time="0.006"/>
</testsuite> <!-- Default test -->
