<?xml version="1.0" encoding="UTF-8"?>
<!-- Generated by org.testng.reporters.JUnitXMLReporter -->
<testsuite ignored="2" hostname="DESKTOP-2L7QON7" failures="0" tests="2" name="Default test" time="43.907" errors="0" timestamp="2023-12-10T21:47:52 IST">
  <testcase classname="com.app.tests.AppTests" name="verifySignup" time="11.425"/>
  <testcase classname="com.app.tests.AppTests" name="verifySignup" time="12.279"/>
  <testcase classname="com.app.tests.AppTests" name="verifyHomePage" time="0.0">
    <ignored/>
  </testcase> <!-- verifyHomePage -->
  <testcase classname="com.app.tests.AppTests" name="verifyLogin" time="0.0">
    <ignored/>
  </testcase> <!-- verifyLogin -->
</testsuite> <!-- Default test -->
