<?xml version="1.0" encoding="UTF-8"?>
<!-- Generated by org.testng.reporters.JUnitXMLReporter -->
<testsuite ignored="4" hostname="DESKTOP-2L7QON7" failures="0" tests="4" name="AppLaunchTests" time="38.167" errors="0" timestamp="2023-12-09T20:19:41 IST">
  <testcase classname="com.testng.demo.TestNgDemo1" name="verifyAppLaunchInEdge1" time="15.722"/>
  <testcase classname="com.testng.demo.TestNgDemo2" name="verifyAppLaunchInEdge2" time="9.459"/>
  <testcase classname="com.testng.demo.TestNgDemo3" name="launchSpeakLanguages" time="7.149"/>
  <testcase classname="com.testng.demo.TestNgDemo4" name="launchSpeakLanguages" time="5.517"/>
  <testcase classname="com.testng.demo.TestNgDemo1" name="verifyAppLaunchInChrome1" time="0.0">
    <ignored/>
  </testcase> <!-- verifyAppLaunchInChrome1 -->
  <testcase classname="com.testng.demo.TestNgDemo2" name="verifyAppLaunchInChrome2" time="0.0">
    <ignored/>
  </testcase> <!-- verifyAppLaunchInChrome2 -->
  <testcase classname="com.testng.demo.TestNgDemo4" name="launchFacebook" time="0.0">
    <ignored/>
  </testcase> <!-- launchFacebook -->
  <testcase classname="com.testng.demo.TestNgDemo3" name="launchFacebook" time="0.0">
    <ignored/>
  </testcase> <!-- launchFacebook -->
</testsuite> <!-- AppLaunchTests -->
