<?xml version="1.0" encoding="UTF-8"?>
<testng-results ignored="0" total="2" passed="2" failed="0" skipped="0">
  <reporter-output>
  </reporter-output>
  <suite started-at="2023-12-09T21:34:32 IST" name="DemoSuite" finished-at="2023-12-09T21:34:32 IST" duration-ms="105">
    <groups>
    </groups>
    <test started-at="2023-12-09T21:34:32 IST" name="AppLaunchTests" finished-at="2023-12-09T21:34:32 IST" duration-ms="105">
      <class name="com.testng.demo.AllAnnotationsDemo1">
        <test-method is-config="true" signature="beforeSuite()[pri:0, instance:com.testng.demo.AllAnnotationsDemo1@909217e]" started-at="2023-12-09T21:34:32 IST" name="beforeSuite" finished-at="2023-12-09T21:34:32 IST" duration-ms="31" status="PASS">
          <reporter-output>
          </reporter-output>
        </test-method> <!-- beforeSuite -->
        <test-method is-config="true" signature="beforeTest()[pri:0, instance:com.testng.demo.AllAnnotationsDemo1@909217e]" started-at="2023-12-09T21:34:32 IST" name="beforeTest" finished-at="2023-12-09T21:34:32 IST" duration-ms="1" status="PASS">
          <reporter-output>
          </reporter-output>
        </test-method> <!-- beforeTest -->
        <test-method is-config="true" signature="beforeClass()[pri:0, instance:com.testng.demo.AllAnnotationsDemo1@909217e]" started-at="2023-12-09T21:34:32 IST" name="beforeClass" finished-at="2023-12-09T21:34:32 IST" duration-ms="0" status="PASS">
          <reporter-output>
          </reporter-output>
        </test-method> <!-- beforeClass -->
        <test-method is-config="true" signature="beforeMethod()[pri:0, instance:com.testng.demo.AllAnnotationsDemo1@909217e]" started-at="2023-12-09T21:34:32 IST" name="beforeMethod" finished-at="2023-12-09T21:34:32 IST" duration-ms="0" status="PASS">
          <reporter-output>
          </reporter-output>
        </test-method> <!-- beforeMethod -->
        <test-method signature="testCase1()[pri:0, instance:com.testng.demo.AllAnnotationsDemo1@909217e]" started-at="2023-12-09T21:34:32 IST" name="testCase1" finished-at="2023-12-09T21:34:32 IST" duration-ms="10" status="PASS">
          <reporter-output>
          </reporter-output>
        </test-method> <!-- testCase1 -->
        <test-method is-config="true" signature="afterMethod()[pri:0, instance:com.testng.demo.AllAnnotationsDemo1@909217e]" started-at="2023-12-09T21:34:32 IST" name="afterMethod" finished-at="2023-12-09T21:34:32 IST" duration-ms="1" status="PASS">
          <reporter-output>
          </reporter-output>
        </test-method> <!-- afterMethod -->
        <test-method is-config="true" signature="afterClass()[pri:0, instance:com.testng.demo.AllAnnotationsDemo1@909217e]" started-at="2023-12-09T21:34:32 IST" name="afterClass" finished-at="2023-12-09T21:34:32 IST" duration-ms="1" status="PASS">
          <reporter-output>
          </reporter-output>
        </test-method> <!-- afterClass -->
        <test-method is-config="true" signature="afterTest()[pri:0, instance:com.testng.demo.AllAnnotationsDemo1@909217e]" started-at="2023-12-09T21:34:32 IST" name="afterTest" finished-at="2023-12-09T21:34:32 IST" duration-ms="1" status="PASS">
          <reporter-output>
          </reporter-output>
        </test-method> <!-- afterTest -->
        <test-method is-config="true" signature="afterSuite()[pri:0, instance:com.testng.demo.AllAnnotationsDemo1@909217e]" started-at="2023-12-09T21:34:32 IST" name="afterSuite" finished-at="2023-12-09T21:34:32 IST" duration-ms="1" status="PASS">
          <reporter-output>
          </reporter-output>
        </test-method> <!-- afterSuite -->
      </class> <!-- com.testng.demo.AllAnnotationsDemo1 -->
      <class name="com.testng.demo.AllAnnotationsDemo2">
        <test-method signature="testCase2()[pri:0, instance:com.testng.demo.AllAnnotationsDemo2@cc43f62]" started-at="2023-12-09T21:34:32 IST" name="testCase2" finished-at="2023-12-09T21:34:32 IST" duration-ms="2" status="PASS">
          <reporter-output>
          </reporter-output>
        </test-method> <!-- testCase2 -->
      </class> <!-- com.testng.demo.AllAnnotationsDemo2 -->
    </test> <!-- AppLaunchTests -->
  </suite> <!-- DemoSuite -->
</testng-results>
