<?xml version="1.0" encoding="UTF-8"?>
<testng-results ignored="0" total="3" passed="3" failed="0" skipped="0">
  <reporter-output>
  </reporter-output>
  <suite started-at="2023-12-09T22:40:17 IST" name="Default suite" finished-at="2023-12-09T22:40:18 IST" duration-ms="190">
    <groups>
    </groups>
    <test started-at="2023-12-09T22:40:17 IST" name="Default test" finished-at="2023-12-09T22:40:18 IST" duration-ms="190">
      <class name="com.app.tests.AppTests">
        <test-method is-config="true" signature="setup()[pri:0, instance:com.app.tests.AppTests@5ab956d7]" started-at="2023-12-09T22:40:17 IST" name="setup" finished-at="2023-12-09T22:40:17 IST" duration-ms="32" status="PASS">
          <reporter-output>
          </reporter-output>
        </test-method> <!-- setup -->
        <test-method signature="verifyHomePage()[pri:0, instance:com.app.tests.AppTests@5ab956d7]" started-at="2023-12-09T22:40:17 IST" name="verifyHomePage" finished-at="2023-12-09T22:40:17 IST" duration-ms="9" status="PASS">
          <reporter-output>
          </reporter-output>
        </test-method> <!-- verifyHomePage -->
        <test-method is-config="true" signature="tearDown()[pri:0, instance:com.app.tests.AppTests@5ab956d7]" started-at="2023-12-09T22:40:18 IST" name="tearDown" finished-at="2023-12-09T22:40:18 IST" duration-ms="1" status="PASS">
          <reporter-output>
          </reporter-output>
        </test-method> <!-- tearDown -->
        <test-method is-config="true" signature="setup()[pri:0, instance:com.app.tests.AppTests@5ab956d7]" started-at="2023-12-09T22:40:18 IST" name="setup" finished-at="2023-12-09T22:40:18 IST" duration-ms="2" status="PASS">
          <reporter-output>
          </reporter-output>
        </test-method> <!-- setup -->
        <test-method signature="verifyLogin()[pri:0, instance:com.app.tests.AppTests@5ab956d7]" started-at="2023-12-09T22:40:18 IST" name="verifyLogin" finished-at="2023-12-09T22:40:18 IST" duration-ms="2" status="PASS">
          <reporter-output>
          </reporter-output>
        </test-method> <!-- verifyLogin -->
        <test-method is-config="true" signature="tearDown()[pri:0, instance:com.app.tests.AppTests@5ab956d7]" started-at="2023-12-09T22:40:18 IST" name="tearDown" finished-at="2023-12-09T22:40:18 IST" duration-ms="1" status="PASS">
          <reporter-output>
          </reporter-output>
        </test-method> <!-- tearDown -->
        <test-method is-config="true" signature="setup()[pri:0, instance:com.app.tests.AppTests@5ab956d7]" started-at="2023-12-09T22:40:18 IST" name="setup" finished-at="2023-12-09T22:40:18 IST" duration-ms="2" status="PASS">
          <reporter-output>
          </reporter-output>
        </test-method> <!-- setup -->
        <test-method signature="verifySignup()[pri:0, instance:com.app.tests.AppTests@5ab956d7]" started-at="2023-12-09T22:40:18 IST" name="verifySignup" finished-at="2023-12-09T22:40:18 IST" duration-ms="6" status="PASS">
          <reporter-output>
          </reporter-output>
        </test-method> <!-- verifySignup -->
        <test-method is-config="true" signature="tearDown()[pri:0, instance:com.app.tests.AppTests@5ab956d7]" started-at="2023-12-09T22:40:18 IST" name="tearDown" finished-at="2023-12-09T22:40:18 IST" duration-ms="0" status="PASS">
          <reporter-output>
          </reporter-output>
        </test-method> <!-- tearDown -->
      </class> <!-- com.app.tests.AppTests -->
    </test> <!-- Default test -->
  </suite> <!-- Default suite -->
</testng-results>
